c:\users\jmc_o\documents\a4_s2\infi\code\infi\build\mes\mes.dir\debug\vc143.pdb
c:\users\jmc_o\documents\a4_s2\infi\code\infi\build\mes\mes.dir\debug\main.obj
c:\users\jmc_o\documents\a4_s2\infi\code\infi\build\mes\mes.dir\debug\udp_comms.obj
c:\users\jmc_o\documents\a4_s2\infi\code\infi\build\mes\cmakefiles\generate.stamp
c:\users\jmc_o\documents\a4_s2\infi\code\infi\build\bin\debug\mes.pdb
c:\users\jmc_o\documents\a4_s2\infi\code\infi\build\mes\mes.dir\debug\mes.tlog\cl.command.1.tlog
c:\users\jmc_o\documents\a4_s2\infi\code\infi\build\mes\mes.dir\debug\mes.tlog\cl.read.1.tlog
c:\users\jmc_o\documents\a4_s2\infi\code\infi\build\mes\mes.dir\debug\mes.tlog\cl.write.1.tlog
c:\users\jmc_o\documents\a4_s2\infi\code\infi\build\mes\mes.dir\debug\mes.tlog\custombuild.command.1.tlog
c:\users\jmc_o\documents\a4_s2\infi\code\infi\build\mes\mes.dir\debug\mes.tlog\custombuild.read.1.tlog
c:\users\jmc_o\documents\a4_s2\infi\code\infi\build\mes\mes.dir\debug\mes.tlog\custombuild.write.1.tlog
c:\users\jmc_o\documents\a4_s2\infi\code\infi\build\mes\mes.dir\debug\mes.tlog\link-cvtres.read.1.tlog
c:\users\jmc_o\documents\a4_s2\infi\code\infi\build\mes\mes.dir\debug\mes.tlog\link-cvtres.write.1.tlog
c:\users\jmc_o\documents\a4_s2\infi\code\infi\build\mes\mes.dir\debug\mes.tlog\link-rc.read.1.tlog
c:\users\jmc_o\documents\a4_s2\infi\code\infi\build\mes\mes.dir\debug\mes.tlog\link-rc.write.1.tlog
c:\users\jmc_o\documents\a4_s2\infi\code\infi\build\mes\mes.dir\debug\mes.tlog\link.command.1.tlog
c:\users\jmc_o\documents\a4_s2\infi\code\infi\build\mes\mes.dir\debug\mes.tlog\link.read.1.tlog
c:\users\jmc_o\documents\a4_s2\infi\code\infi\build\mes\mes.dir\debug\mes.tlog\link.read.2.tlog
c:\users\jmc_o\documents\a4_s2\infi\code\infi\build\mes\mes.dir\debug\mes.tlog\link.read.3.tlog
c:\users\jmc_o\documents\a4_s2\infi\code\infi\build\mes\mes.dir\debug\mes.tlog\link.read.4.tlog
c:\users\jmc_o\documents\a4_s2\infi\code\infi\build\mes\mes.dir\debug\mes.tlog\link.write.1.tlog
